Facturi/app/build/intermediates/manifest_merge_blame_file/debug/manifest-merger-blame-debug-report.txt
1<?xml version="1.0" encoding="utf-8"?>
2<manifest xmlns:android="http://schemas.android.com/apk/res/android"
3    package="com.example.facturi"
4    android:versionCode="1"
5    android:versionName="1.0" >
6
7    <uses-sdk
8        android:minSdkVersion="21"
8-->src\main\AndroidManifest.xml
9        android:targetSdkVersion="29" />
9-->src\main\AndroidManifest.xml
10    <!--
11         The ACCESS_COARSE/FINE_LOCATION permissions are not required to use
12         Google Maps Android API v2, but you must specify either coarse or fine
13         location permissions for the 'MyLocation' functionality.
14    -->
15    <uses-permission android:name="android.permission.ACCESS_FINE_LOCATION" />
15-->src\main\AndroidManifest.xml:9:5-79
15-->src\main\AndroidManifest.xml:9:22-76
16    <uses-permission android:name="android.permission.INTERNET" />
16-->src\main\AndroidManifest.xml:10:5-67
16-->src\main\AndroidManifest.xml:10:22-64
17    <uses-permission android:name="android.permission.ACCESS_NETWORK_STATE" />
17-->[com.google.firebase:firebase-database:16.0.4] AndroidManifest.xml:22:5-79
17-->[com.google.firebase:firebase-database:16.0.4] AndroidManifest.xml:22:22-76
18
19    <uses-feature
19-->[com.google.android.gms:play-services-maps:16.1.0] AndroidManifest.xml:26:5-28:35
20        android:glEsVersion="0x00020000"
20-->[com.google.android.gms:play-services-maps:16.1.0] AndroidManifest.xml:27:9-41
21        android:required="true" />
21-->[com.google.android.gms:play-services-maps:16.1.0] AndroidManifest.xml:28:9-32
22
23    <application
23-->src\main\AndroidManifest.xml:12:5-69:19
24        android:allowBackup="true"
24-->src\main\AndroidManifest.xml:13:9-35
25        android:appComponentFactory="androidx.core.app.CoreComponentFactory"
25-->[androidx.core:core:1.0.1] AndroidManifest.xml:22:18-86
26        android:debuggable="true"
27        android:icon="@mipmap/ic_pr"
27-->src\main\AndroidManifest.xml:14:9-37
28        android:label="@string/app_name"
28-->src\main\AndroidManifest.xml:15:9-41
29        android:roundIcon="@mipmap/ic_pr"
29-->src\main\AndroidManifest.xml:16:9-42
30        android:supportsRtl="true"
30-->src\main\AndroidManifest.xml:17:9-35
31        android:testOnly="true"
32        android:theme="@style/AppTheme" >
32-->src\main\AndroidManifest.xml:18:9-40
33        <activity
33-->src\main\AndroidManifest.xml:19:9-21:52
34            android:name="com.example.facturi.RaportStatus"
34-->src\main\AndroidManifest.xml:20:13-41
35            android:parentActivityName="com.example.facturi.Facturi" />
35-->src\main\AndroidManifest.xml:21:13-50
36        <activity
36-->src\main\AndroidManifest.xml:22:9-24:52
37            android:name="com.example.facturi.RaportValoare"
37-->src\main\AndroidManifest.xml:23:13-42
38            android:parentActivityName="com.example.facturi.Facturi" />
38-->src\main\AndroidManifest.xml:24:13-50
39        <activity
39-->src\main\AndroidManifest.xml:25:9-27:54
40            android:name="com.example.facturi.IstoricFeedback"
40-->src\main\AndroidManifest.xml:26:13-44
41            android:parentActivityName="com.example.facturi.Feedback" />
41-->src\main\AndroidManifest.xml:27:13-51
42        <activity
42-->src\main\AndroidManifest.xml:28:9-30:58
43            android:name="com.example.facturi.Statistica"
43-->src\main\AndroidManifest.xml:29:13-39
44            android:parentActivityName="com.example.facturi.MainActivity" />
44-->src\main\AndroidManifest.xml:30:13-55
45        <!--
46             The API key for Google Maps-based APIs is defined as a string resource.
47             (See the file "res/values/google_maps_api.xml").
48             Note that the API key is linked to the encryption key used to sign the APK.
49             You need a different API key for each encryption key, including the release key that is used to
50             sign the APK for publishing.
51             You can define the keys for the debug and release targets in src/debug/ and src/release/.
52        -->
53        <meta-data
53-->src\main\AndroidManifest.xml:39:9-41:55
54            android:name="com.google.android.geo.API_KEY"
54-->src\main\AndroidManifest.xml:40:13-58
55            android:value="@string/google_maps_key" />
55-->src\main\AndroidManifest.xml:41:13-52
56
57        <activity
57-->src\main\AndroidManifest.xml:43:9-45:69
58            android:name="com.example.facturi.MapsFurnizori"
58-->src\main\AndroidManifest.xml:44:13-42
59            android:label="@string/title_activity_maps_furnizori" />
59-->src\main\AndroidManifest.xml:45:13-66
60        <activity
60-->src\main\AndroidManifest.xml:46:9-48:58
61            android:name="com.example.facturi.Furnizori"
61-->src\main\AndroidManifest.xml:47:13-38
62            android:parentActivityName="com.example.facturi.MainActivity" />
62-->src\main\AndroidManifest.xml:48:13-55
63        <activity
63-->src\main\AndroidManifest.xml:49:9-51:51
64            android:name="com.example.facturi.Register"
64-->src\main\AndroidManifest.xml:50:13-37
65            android:parentActivityName="com.example.facturi.LogIn" />
65-->src\main\AndroidManifest.xml:51:13-48
66        <activity
66-->src\main\AndroidManifest.xml:52:9-54:58
67            android:name="com.example.facturi.Facturi"
67-->src\main\AndroidManifest.xml:53:13-36
68            android:parentActivityName="com.example.facturi.MainActivity" />
68-->src\main\AndroidManifest.xml:54:13-55
69        <activity
69-->src\main\AndroidManifest.xml:55:9-57:53
70            android:name="com.example.facturi.Adauga"
70-->src\main\AndroidManifest.xml:56:13-35
71            android:parentActivityName="com.example.facturi.Facturi" />
71-->src\main\AndroidManifest.xml:57:13-50
72        <activity android:name="com.example.facturi.MainActivity" />
72-->src\main\AndroidManifest.xml:58:9-50
72-->src\main\AndroidManifest.xml:58:19-47
73        <activity
73-->src\main\AndroidManifest.xml:59:9-61:58
74            android:name="com.example.facturi.Feedback"
74-->src\main\AndroidManifest.xml:60:13-37
75            android:parentActivityName="com.example.facturi.MainActivity" />
75-->src\main\AndroidManifest.xml:61:13-55
76        <activity android:name="com.example.facturi.LogIn" >
76-->src\main\AndroidManifest.xml:62:9-68:20
76-->src\main\AndroidManifest.xml:62:19-40
77            <intent-filter>
77-->src\main\AndroidManifest.xml:63:13-67:29
78                <action android:name="android.intent.action.MAIN" />
78-->src\main\AndroidManifest.xml:64:17-69
78-->src\main\AndroidManifest.xml:64:25-66
79
80                <category android:name="android.intent.category.LAUNCHER" />
80-->src\main\AndroidManifest.xml:66:17-77
80-->src\main\AndroidManifest.xml:66:27-74
81            </intent-filter>
82        </activity>
83        <!-- Needs to be explicitly declared on P+ -->
84        <uses-library
84-->[com.google.android.gms:play-services-maps:16.1.0] AndroidManifest.xml:33:9-35:40
85            android:name="org.apache.http.legacy"
85-->[com.google.android.gms:play-services-maps:16.1.0] AndroidManifest.xml:34:13-50
86            android:required="false" />
86-->[com.google.android.gms:play-services-maps:16.1.0] AndroidManifest.xml:35:13-37
87
88        <activity
88-->[com.google.android.gms:play-services-base:16.0.1] AndroidManifest.xml:23:9-26:75
89            android:name="com.google.android.gms.common.api.GoogleApiActivity"
89-->[com.google.android.gms:play-services-base:16.0.1] AndroidManifest.xml:24:13-79
90            android:exported="false"
90-->[com.google.android.gms:play-services-base:16.0.1] AndroidManifest.xml:25:13-37
91            android:theme="@android:style/Theme.Translucent.NoTitleBar" />
91-->[com.google.android.gms:play-services-base:16.0.1] AndroidManifest.xml:26:13-72
92
93        <provider
93-->[com.google.firebase:firebase-common:16.0.3] AndroidManifest.xml:10:9-14:39
94            android:name="com.google.firebase.provider.FirebaseInitProvider"
94-->[com.google.firebase:firebase-common:16.0.3] AndroidManifest.xml:11:13-77
95            android:authorities="com.example.facturi.firebaseinitprovider"
95-->[com.google.firebase:firebase-common:16.0.3] AndroidManifest.xml:12:13-72
96            android:exported="false"
96-->[com.google.firebase:firebase-common:16.0.3] AndroidManifest.xml:13:13-37
97            android:initOrder="100" />
97-->[com.google.firebase:firebase-common:16.0.3] AndroidManifest.xml:14:13-36
98
99        <meta-data
99-->[com.google.android.gms:play-services-basement:16.0.1] AndroidManifest.xml:23:9-25:69
100            android:name="com.google.android.gms.version"
100-->[com.google.android.gms:play-services-basement:16.0.1] AndroidManifest.xml:24:13-58
101            android:value="@integer/google_play_services_version" />
101-->[com.google.android.gms:play-services-basement:16.0.1] AndroidManifest.xml:25:13-66
102
103        <provider
103-->[androidx.lifecycle:lifecycle-process:2.0.0] AndroidManifest.xml:23:9-27:43
104            android:name="androidx.lifecycle.ProcessLifecycleOwnerInitializer"
104-->[androidx.lifecycle:lifecycle-process:2.0.0] AndroidManifest.xml:24:13-79
105            android:authorities="com.example.facturi.lifecycle-process"
105-->[androidx.lifecycle:lifecycle-process:2.0.0] AndroidManifest.xml:25:13-69
106            android:exported="false"
106-->[androidx.lifecycle:lifecycle-process:2.0.0] AndroidManifest.xml:26:13-37
107            android:multiprocess="true" />
107-->[androidx.lifecycle:lifecycle-process:2.0.0] AndroidManifest.xml:27:13-40
108    </application>
109
110</manifest>